INFO:WorkScrapper:[10/03/21 10:06:45] Bot was initializated successfuly
DEBUG:asyncio:Using selector: EpollSelector
DEBUG:aiogram:Make request: "getMe" with data: "{}" and files "None"
DEBUG:aiogram:Response for getMe: [200] "'{"ok":true,"result":{"id":1894449219,"is_bot":true,"first_name":"Bot4NueralNet","username":"shkvalsbot","can_join_groups":true,"can_read_all_group_messages":false,"supports_inline_queries":false}}'"
INFO:aiogram:Bot: Bot4NueralNet [@shkvalsbot]
DEBUG:aiogram:Make request: "getWebhookInfo" with data: "{}" and files "None"
DEBUG:aiogram:Response for getWebhookInfo: [200] "'{"ok":true,"result":{"url":"","has_custom_certificate":false,"pending_update_count":0}}'"
DEBUG:aiogram:Make request: "getUpdates" with data: "{'offset': -1, 'timeout': 1}" and files "None"
DEBUG:aiogram:Response for getUpdates: [200] "'{"ok":true,"result":[]}'"
WARNING:aiogram:Updates were skipped successfully.
INFO:aiogram.dispatcher.dispatcher:Start polling.
DEBUG:aiogram:Make request: "getWebhookInfo" with data: "{}" and files "None"
DEBUG:aiogram:Response for getWebhookInfo: [200] "'{"ok":true,"result":{"url":"","has_custom_certificate":false,"pending_update_count":0}}'"
DEBUG:aiogram:Make request: "getUpdates" with data: "{'timeout': 20}" and files "None"
DEBUG:aiogram:Response for getUpdates: [200] "'{"ok":true,"result":[]}'"
DEBUG:aiogram:Make request: "getUpdates" with data: "{'timeout': 20}" and files "None"
DEBUG:aiogram:Response for getUpdates: [200] "'{"ok":true,"result":[]}'"
DEBUG:aiogram:Make request: "getUpdates" with data: "{'timeout': 20}" and files "None"
INFO:aiogram.dispatcher.dispatcher:Stop polling...
WARNING:aiogram:Goodbye!
INFO:WorkScrapper:[10/04/21 10:38:01] Bot was initializated successfuly
DEBUG:asyncio:Using selector: EpollSelector
DEBUG:aiogram:Make request: "getMe" with data: "{}" and files "None"
DEBUG:aiogram:Response for getMe: [200] "'{"ok":true,"result":{"id":1894449219,"is_bot":true,"first_name":"Bot4NueralNet","username":"shkvalsbot","can_join_groups":true,"can_read_all_group_messages":false,"supports_inline_queries":false}}'"
INFO:aiogram:Bot: Bot4NueralNet [@shkvalsbot]
DEBUG:aiogram:Make request: "getWebhookInfo" with data: "{}" and files "None"
DEBUG:aiogram:Response for getWebhookInfo: [200] "'{"ok":true,"result":{"url":"","has_custom_certificate":false,"pending_update_count":0}}'"
DEBUG:aiogram:Make request: "getUpdates" with data: "{'offset': -1, 'timeout': 1}" and files "None"
DEBUG:aiogram:Response for getUpdates: [200] "'{"ok":true,"result":[]}'"
WARNING:aiogram:Updates were skipped successfully.
INFO:aiogram.dispatcher.dispatcher:Start polling.
DEBUG:aiogram:Make request: "getWebhookInfo" with data: "{}" and files "None"
DEBUG:aiogram:Response for getWebhookInfo: [200] "'{"ok":true,"result":{"url":"","has_custom_certificate":false,"pending_update_count":0}}'"
DEBUG:aiogram:Make request: "getUpdates" with data: "{'timeout': 20}" and files "None"
ERROR:aiogram.dispatcher.dispatcher:Cause exception while getting updates.
Traceback (most recent call last):
  File "/data/data/com.termux/files/usr/lib/python3.9/site-packages/aiogram/bot/api.py", line 139, in make_request
    async with session.post(url, data=req, **kwargs) as response:
  File "/data/data/com.termux/files/usr/lib/python3.9/site-packages/aiohttp/client.py", line 1117, in __aenter__
    self._resp = await self._coro
  File "/data/data/com.termux/files/usr/lib/python3.9/site-packages/aiohttp/client.py", line 544, in _request
    await resp.start(conn)
  File "/data/data/com.termux/files/usr/lib/python3.9/site-packages/aiohttp/client_reqrep.py", line 890, in start
    message, payload = await self._protocol.read()  # type: ignore
  File "/data/data/com.termux/files/usr/lib/python3.9/site-packages/aiohttp/streams.py", line 604, in read
    await self._waiter
aiohttp.client_exceptions.ClientOSError: [Errno 103] Software caused connection abort

During handling of the above exception, another exception occurred:

Traceback (most recent call last):
  File "/data/data/com.termux/files/usr/lib/python3.9/site-packages/aiogram/dispatcher/dispatcher.py", line 383, in start_polling
    updates = await self.bot.get_updates(
  File "/data/data/com.termux/files/usr/lib/python3.9/site-packages/aiogram/bot/bot.py", line 97, in get_updates
    result = await self.request(api.Methods.GET_UPDATES, payload)
  File "/data/data/com.termux/files/usr/lib/python3.9/site-packages/aiogram/bot/base.py", line 208, in request
    return await api.make_request(self.session, self.server, self.__token, method, data, files,
  File "/data/data/com.termux/files/usr/lib/python3.9/site-packages/aiogram/bot/api.py", line 142, in make_request
    raise exceptions.NetworkError(f"aiohttp client throws an error: {e.__class__.__name__}: {e}")
aiogram.utils.exceptions.NetworkError: Aiohttp client throws an error: ClientOSError: [Errno 103] Software caused connection abort
DEBUG:aiogram:Make request: "getUpdates" with data: "{'timeout': 20}" and files "None"
DEBUG:aiogram:Response for getUpdates: [200] "'{"ok":true,"result":[{"update_id":775575276,\n"my_chat_member":{"chat":{"id":1157296535,"first_name":"Shkval","username":"ShkvalGR","type":"private"},"from":{"id":1157296535,"is_bot":false,"first_name":"Shkval","username":"ShkvalGR","language_code":"ru"},"date":1633325896,"old_chat_member":{"user":{"id":1894449219,"is_bot":true,"first_name":"Bot4NueralNet","username":"shkvalsbot"},"status":"member"},"new_chat_member":{"user":{"id":1894449219,"is_bot":true,"first_name":"Bot4NueralNet","username":"shkvalsbot"},"status":"kicked","until_date":0}}},{"update_id":775575277,\n"my_chat_member":{"chat":{"id":1157296535,"first_name":"Shkval","username":"ShkvalGR","type":"private"},"from":{"id":1157296535,"is_bot":false,"first_name":"Shkval","username":"ShkvalGR","language_code":"ru"},"date":1633325898,"old_chat_member":{"user":{"id":1894449219,"is_bot":true,"first_name":"Bot4NueralNet","username":"shkvalsbot"},"status":"kicked","until_date":0},"new_chat_member":{"user":{"id":1894449219,"is_bot":true,"first_name":"Bot4NueralNet","username":"shkvalsbot"},"status":"member"}}}]}'"
DEBUG:aiogram.dispatcher.dispatcher:Received 2 updates.
DEBUG:aiogram:Make request: "getUpdates" with data: "{'offset': 775575278, 'timeout': 20}" and files "None"
DEBUG:aiogram:Response for getUpdates: [200] "'{"ok":true,"result":[{"update_id":775575278,\n"message":{"message_id":1423,"from":{"id":1157296535,"is_bot":false,"first_name":"Shkval","username":"ShkvalGR","language_code":"ru"},"chat":{"id":1157296535,"first_name":"Shkval","username":"ShkvalGR","type":"private"},"date":1633325899,"text":"/start","entities":[{"offset":0,"length":6,"type":"bot_command"}]}}]}'"
DEBUG:aiogram.dispatcher.dispatcher:Received 1 updates.
DEBUG:aiogram:Make request: "sendMessage" with data: "{'chat_id': 1157296535, 'text': 'Здравствуйте, ShkvalGR! Для того, чтобы подобрать вакансии, вам нужно начать поиск командой /search'}" and files "None"
DEBUG:aiogram:Response for sendMessage: [200] "'{"ok":true,"result":{"message_id":1424,"from":{"id":1894449219,"is_bot":true,"first_name":"Bot4NueralNet","username":"shkvalsbot"},"chat":{"id":1157296535,"first_name":"Shkval","username":"ShkvalGR","type":"private"},"date":1633325899,"text":"\\u0417\\u0434\\u0440\\u0430\\u0432\\u0441\\u0442\\u0432\\u0443\\u0439\\u0442\\u0435, ShkvalGR! \\u0414\\u043b\\u044f \\u0442\\u043e\\u0433\\u043e, \\u0447\\u0442\\u043e\\u0431\\u044b \\u043f\\u043e\\u0434\\u043e\\u0431\\u0440\\u0430\\u0442\\u044c \\u0432\\u0430\\u043a\\u0430\\u043d\\u0441\\u0438\\u0438, \\u0432\\u0430\\u043c \\u043d\\u0443\\u0436\\u043d\\u043e \\u043d\\u0430\\u0447\\u0430\\u0442\\u044c \\u043f\\u043e\\u0438\\u0441\\u043a \\u043a\\u043e\\u043c\\u0430\\u043d\\u0434\\u043e\\u0439 /search","entities":[{"offset":92,"length":7,"type":"bot_command"}]}}'"
DEBUG:aiogram:Make request: "getUpdates" with data: "{'offset': 775575279, 'timeout': 20}" and files "None"
DEBUG:aiogram:Response for getUpdates: [200] "'{"ok":true,"result":[{"update_id":775575279,\n"message":{"message_id":1425,"from":{"id":1157296535,"is_bot":false,"first_name":"Shkval","username":"ShkvalGR","language_code":"ru"},"chat":{"id":1157296535,"first_name":"Shkval","username":"ShkvalGR","type":"private"},"date":1633325900,"text":"/search","entities":[{"offset":0,"length":7,"type":"bot_command"}]}}]}'"
DEBUG:aiogram.dispatcher.dispatcher:Received 1 updates.
DEBUG:aiogram:Make request: "sendMessage" with data: "{'chat_id': 1157296535, 'text': 'Введите название  нужной вам профессии: '}" and files "None"
DEBUG:aiogram:Make request: "getUpdates" with data: "{'offset': 775575280, 'timeout': 20}" and files "None"
DEBUG:aiogram:Response for sendMessage: [200] "'{"ok":true,"result":{"message_id":1426,"from":{"id":1894449219,"is_bot":true,"first_name":"Bot4NueralNet","username":"shkvalsbot"},"chat":{"id":1157296535,"first_name":"Shkval","username":"ShkvalGR","type":"private"},"date":1633325900,"text":"\\u0412\\u0432\\u0435\\u0434\\u0438\\u0442\\u0435 \\u043d\\u0430\\u0437\\u0432\\u0430\\u043d\\u0438\\u0435  \\u043d\\u0443\\u0436\\u043d\\u043e\\u0439 \\u0432\\u0430\\u043c \\u043f\\u0440\\u043e\\u0444\\u0435\\u0441\\u0441\\u0438\\u0438:"}}'"
DEBUG:aiogram:Response for getUpdates: [200] "'{"ok":true,"result":[{"update_id":775575280,\n"message":{"message_id":1427,"from":{"id":1157296535,"is_bot":false,"first_name":"Shkval","username":"ShkvalGR","language_code":"ru"},"chat":{"id":1157296535,"first_name":"Shkval","username":"ShkvalGR","type":"private"},"date":1633325904,"text":"Povar"}}]}'"
DEBUG:aiogram.dispatcher.dispatcher:Received 1 updates.
DEBUG:aiogram:Make request: "sendMessage" with data: "{'chat_id': 1157296535, 'text': 'Выберите график работы:', 'reply_markup': '{"keyboard": [[{"text": "Полный рабочий день"}, {"text": "Свободный график"}, {"text": "Сменный график"}], [{"text": "Вахта"}, {"text": "Частичная занятость"}, {"text": "Удалённая работа"}], [{"text": "Не имеет значения"}]], "resize_keyboard": true, "one_time_keyboard": true}'}" and files "None"
DEBUG:aiogram:Make request: "getUpdates" with data: "{'offset': 775575281, 'timeout': 20}" and files "None"
DEBUG:aiogram:Response for sendMessage: [200] "'{"ok":true,"result":{"message_id":1428,"from":{"id":1894449219,"is_bot":true,"first_name":"Bot4NueralNet","username":"shkvalsbot"},"chat":{"id":1157296535,"first_name":"Shkval","username":"ShkvalGR","type":"private"},"date":1633325904,"text":"\\u0412\\u044b\\u0431\\u0435\\u0440\\u0438\\u0442\\u0435 \\u0433\\u0440\\u0430\\u0444\\u0438\\u043a \\u0440\\u0430\\u0431\\u043e\\u0442\\u044b:"}}'"
DEBUG:aiogram:Response for getUpdates: [200] "'{"ok":true,"result":[{"update_id":775575281,\n"message":{"message_id":1429,"from":{"id":1157296535,"is_bot":false,"first_name":"Shkval","username":"ShkvalGR","language_code":"ru"},"chat":{"id":1157296535,"first_name":"Shkval","username":"ShkvalGR","type":"private"},"date":1633325906,"text":"\\u0421\\u0432\\u043e\\u0431\\u043e\\u0434\\u043d\\u044b\\u0439 \\u0433\\u0440\\u0430\\u0444\\u0438\\u043a"}}]}'"
DEBUG:aiogram.dispatcher.dispatcher:Received 1 updates.
DEBUG:aiogram:Make request: "sendMessage" with data: "{'chat_id': 1157296535, 'text': 'Введите минимальную зарплату:'}" and files "None"
DEBUG:aiogram:Make request: "getUpdates" with data: "{'offset': 775575282, 'timeout': 20}" and files "None"
DEBUG:aiogram:Response for sendMessage: [200] "'{"ok":true,"result":{"message_id":1430,"from":{"id":1894449219,"is_bot":true,"first_name":"Bot4NueralNet","username":"shkvalsbot"},"chat":{"id":1157296535,"first_name":"Shkval","username":"ShkvalGR","type":"private"},"date":1633325906,"text":"\\u0412\\u0432\\u0435\\u0434\\u0438\\u0442\\u0435 \\u043c\\u0438\\u043d\\u0438\\u043c\\u0430\\u043b\\u044c\\u043d\\u0443\\u044e \\u0437\\u0430\\u0440\\u043f\\u043b\\u0430\\u0442\\u0443:"}}'"
DEBUG:aiogram:Response for getUpdates: [200] "'{"ok":true,"result":[{"update_id":775575282,\n"message":{"message_id":1431,"from":{"id":1157296535,"is_bot":false,"first_name":"Shkval","username":"ShkvalGR","language_code":"ru"},"chat":{"id":1157296535,"first_name":"Shkval","username":"ShkvalGR","type":"private"},"date":1633325910,"text":"12"}}]}'"
DEBUG:aiogram.dispatcher.dispatcher:Received 1 updates.
DEBUG:aiogram:Make request: "sendMessage" with data: "{'chat_id': 1157296535, 'text': 'Введите максимальную зарплату:'}" and files "None"
DEBUG:aiogram:Make request: "getUpdates" with data: "{'offset': 775575283, 'timeout': 20}" and files "None"
DEBUG:aiogram:Response for sendMessage: [200] "'{"ok":true,"result":{"message_id":1432,"from":{"id":1894449219,"is_bot":true,"first_name":"Bot4NueralNet","username":"shkvalsbot"},"chat":{"id":1157296535,"first_name":"Shkval","username":"ShkvalGR","type":"private"},"date":1633325910,"text":"\\u0412\\u0432\\u0435\\u0434\\u0438\\u0442\\u0435 \\u043c\\u0430\\u043a\\u0441\\u0438\\u043c\\u0430\\u043b\\u044c\\u043d\\u0443\\u044e \\u0437\\u0430\\u0440\\u043f\\u043b\\u0430\\u0442\\u0443:"}}'"
DEBUG:aiogram:Response for getUpdates: [200] "'{"ok":true,"result":[{"update_id":775575283,\n"message":{"message_id":1433,"from":{"id":1157296535,"is_bot":false,"first_name":"Shkval","username":"ShkvalGR","language_code":"ru"},"chat":{"id":1157296535,"first_name":"Shkval","username":"ShkvalGR","type":"private"},"date":1633325912,"text":"36"}}]}'"
DEBUG:aiogram.dispatcher.dispatcher:Received 1 updates.
DEBUG:aiogram:Make request: "sendMessage" with data: "{'chat_id': 1157296535, 'text': 'Выберите ваше образование:', 'reply_markup': '{"keyboard": [[{"text": "Доктоторонтура"}, {"text": "Аспирантура"}, {"text": "МВА"}], [{"text": "Курсы переподготовки"}, {"text": "Второе высшее"}, {"text": "Высшее(магистр)"}], [{"text": "Высшее(специалист)"}, {"text": "Любое образование"}, {"text": "Высшее образование"}], [{"text": "Неполное вышнее образование"}, {"text": "Среднее образование"}, {"text": "Среднее профессиональное образование"}], [{"text": "Высшее(бакалавр)"}]], "resize_keyboard": true, "one_time_keyboard": true}'}" and files "None"
DEBUG:aiogram:Make request: "getUpdates" with data: "{'offset': 775575284, 'timeout': 20}" and files "None"
DEBUG:aiogram:Response for sendMessage: [200] "'{"ok":true,"result":{"message_id":1434,"from":{"id":1894449219,"is_bot":true,"first_name":"Bot4NueralNet","username":"shkvalsbot"},"chat":{"id":1157296535,"first_name":"Shkval","username":"ShkvalGR","type":"private"},"date":1633325913,"text":"\\u0412\\u044b\\u0431\\u0435\\u0440\\u0438\\u0442\\u0435 \\u0432\\u0430\\u0448\\u0435 \\u043e\\u0431\\u0440\\u0430\\u0437\\u043e\\u0432\\u0430\\u043d\\u0438\\u0435:"}}'"
DEBUG:aiogram:Response for getUpdates: [200] "'{"ok":true,"result":[{"update_id":775575284,\n"message":{"message_id":1435,"from":{"id":1157296535,"is_bot":false,"first_name":"Shkval","username":"ShkvalGR","language_code":"ru"},"chat":{"id":1157296535,"first_name":"Shkval","username":"ShkvalGR","type":"private"},"date":1633325914,"text":"\\u041c\\u0412\\u0410"}}]}'"
DEBUG:aiogram.dispatcher.dispatcher:Received 1 updates.
DEBUG:aiogram:Make request: "sendMessage" with data: "{'chat_id': 1157296535, 'text': 'Введите опыт работы: '}" and files "None"
DEBUG:aiogram:Response for sendMessage: [200] "'{"ok":true,"result":{"message_id":1436,"from":{"id":1894449219,"is_bot":true,"first_name":"Bot4NueralNet","username":"shkvalsbot"},"chat":{"id":1157296535,"first_name":"Shkval","username":"ShkvalGR","type":"private"},"date":1633325914,"text":"\\u0412\\u0432\\u0435\\u0434\\u0438\\u0442\\u0435 \\u043e\\u043f\\u044b\\u0442 \\u0440\\u0430\\u0431\\u043e\\u0442\\u044b:"}}'"
DEBUG:aiogram:Make request: "getUpdates" with data: "{'offset': 775575285, 'timeout': 20}" and files "None"
DEBUG:aiogram:Response for getUpdates: [200] "'{"ok":true,"result":[{"update_id":775575285,\n"message":{"message_id":1437,"from":{"id":1157296535,"is_bot":false,"first_name":"Shkval","username":"ShkvalGR","language_code":"ru"},"chat":{"id":1157296535,"first_name":"Shkval","username":"ShkvalGR","type":"private"},"date":1633325917,"text":"10"}}]}'"
DEBUG:aiogram.dispatcher.dispatcher:Received 1 updates.
DEBUG:aiogram:Make request: "sendMessage" with data: "{'chat_id': 1157296535, 'text': 'Введите максимальный возраст:'}" and files "None"
DEBUG:aiogram:Make request: "getUpdates" with data: "{'offset': 775575286, 'timeout': 20}" and files "None"
DEBUG:aiogram:Response for sendMessage: [200] "'{"ok":true,"result":{"message_id":1438,"from":{"id":1894449219,"is_bot":true,"first_name":"Bot4NueralNet","username":"shkvalsbot"},"chat":{"id":1157296535,"first_name":"Shkval","username":"ShkvalGR","type":"private"},"date":1633325917,"text":"\\u0412\\u0432\\u0435\\u0434\\u0438\\u0442\\u0435 \\u043c\\u0430\\u043a\\u0441\\u0438\\u043c\\u0430\\u043b\\u044c\\u043d\\u044b\\u0439 \\u0432\\u043e\\u0437\\u0440\\u0430\\u0441\\u0442:"}}'"
INFO:aiogram.dispatcher.dispatcher:Stop polling...
WARNING:aiogram:Goodbye!
INFO:WorkScrapper:[10/04/21 10:50:51] Bot was initializated successfuly
DEBUG:asyncio:Using selector: EpollSelector
DEBUG:aiogram:Make request: "getMe" with data: "{}" and files "None"
DEBUG:aiogram:Response for getMe: [200] "'{"ok":true,"result":{"id":1894449219,"is_bot":true,"first_name":"Bot4NueralNet","username":"shkvalsbot","can_join_groups":true,"can_read_all_group_messages":false,"supports_inline_queries":false}}'"
INFO:aiogram:Bot: Bot4NueralNet [@shkvalsbot]
DEBUG:aiogram:Make request: "getWebhookInfo" with data: "{}" and files "None"
DEBUG:aiogram:Response for getWebhookInfo: [200] "'{"ok":true,"result":{"url":"","has_custom_certificate":false,"pending_update_count":0}}'"
DEBUG:aiogram:Make request: "getUpdates" with data: "{'offset': -1, 'timeout': 1}" and files "None"
DEBUG:aiogram:Response for getUpdates: [200] "'{"ok":true,"result":[]}'"
WARNING:aiogram:Updates were skipped successfully.
INFO:aiogram.dispatcher.dispatcher:Start polling.
DEBUG:aiogram:Make request: "getWebhookInfo" with data: "{}" and files "None"
DEBUG:aiogram:Response for getWebhookInfo: [200] "'{"ok":true,"result":{"url":"","has_custom_certificate":false,"pending_update_count":0}}'"
DEBUG:aiogram:Make request: "getUpdates" with data: "{'timeout': 20}" and files "None"
DEBUG:aiogram:Response for getUpdates: [200] "'{"ok":true,"result":[{"update_id":775575286,\n"my_chat_member":{"chat":{"id":1157296535,"first_name":"Shkval","username":"ShkvalGR","type":"private"},"from":{"id":1157296535,"is_bot":false,"first_name":"Shkval","username":"ShkvalGR","language_code":"ru"},"date":1633326660,"old_chat_member":{"user":{"id":1894449219,"is_bot":true,"first_name":"Bot4NueralNet","username":"shkvalsbot"},"status":"member"},"new_chat_member":{"user":{"id":1894449219,"is_bot":true,"first_name":"Bot4NueralNet","username":"shkvalsbot"},"status":"kicked","until_date":0}}}]}'"
DEBUG:aiogram.dispatcher.dispatcher:Received 1 updates.
DEBUG:aiogram:Make request: "getUpdates" with data: "{'offset': 775575287, 'timeout': 20}" and files "None"
DEBUG:aiogram:Response for getUpdates: [200] "'{"ok":true,"result":[{"update_id":775575287,\n"my_chat_member":{"chat":{"id":1157296535,"first_name":"Shkval","username":"ShkvalGR","type":"private"},"from":{"id":1157296535,"is_bot":false,"first_name":"Shkval","username":"ShkvalGR","language_code":"ru"},"date":1633326661,"old_chat_member":{"user":{"id":1894449219,"is_bot":true,"first_name":"Bot4NueralNet","username":"shkvalsbot"},"status":"kicked","until_date":0},"new_chat_member":{"user":{"id":1894449219,"is_bot":true,"first_name":"Bot4NueralNet","username":"shkvalsbot"},"status":"member"}}}]}'"
DEBUG:aiogram.dispatcher.dispatcher:Received 1 updates.
DEBUG:aiogram:Make request: "getUpdates" with data: "{'offset': 775575288, 'timeout': 20}" and files "None"
DEBUG:aiogram:Response for getUpdates: [200] "'{"ok":true,"result":[{"update_id":775575288,\n"message":{"message_id":1439,"from":{"id":1157296535,"is_bot":false,"first_name":"Shkval","username":"ShkvalGR","language_code":"ru"},"chat":{"id":1157296535,"first_name":"Shkval","username":"ShkvalGR","type":"private"},"date":1633326661,"text":"/start","entities":[{"offset":0,"length":6,"type":"bot_command"}]}}]}'"
DEBUG:aiogram.dispatcher.dispatcher:Received 1 updates.
DEBUG:aiogram:Make request: "sendMessage" with data: "{'chat_id': 1157296535, 'text': 'Здравствуйте, ShkvalGR! Для того, чтобы подобрать вакансии, вам нужно начать поиск командой /search'}" and files "None"
DEBUG:aiogram:Make request: "getUpdates" with data: "{'offset': 775575289, 'timeout': 20}" and files "None"
DEBUG:aiogram:Response for sendMessage: [200] "'{"ok":true,"result":{"message_id":1440,"from":{"id":1894449219,"is_bot":true,"first_name":"Bot4NueralNet","username":"shkvalsbot"},"chat":{"id":1157296535,"first_name":"Shkval","username":"ShkvalGR","type":"private"},"date":1633326661,"text":"\\u0417\\u0434\\u0440\\u0430\\u0432\\u0441\\u0442\\u0432\\u0443\\u0439\\u0442\\u0435, ShkvalGR! \\u0414\\u043b\\u044f \\u0442\\u043e\\u0433\\u043e, \\u0447\\u0442\\u043e\\u0431\\u044b \\u043f\\u043e\\u0434\\u043e\\u0431\\u0440\\u0430\\u0442\\u044c \\u0432\\u0430\\u043a\\u0430\\u043d\\u0441\\u0438\\u0438, \\u0432\\u0430\\u043c \\u043d\\u0443\\u0436\\u043d\\u043e \\u043d\\u0430\\u0447\\u0430\\u0442\\u044c \\u043f\\u043e\\u0438\\u0441\\u043a \\u043a\\u043e\\u043c\\u0430\\u043d\\u0434\\u043e\\u0439 /search","entities":[{"offset":92,"length":7,"type":"bot_command"}]}}'"
DEBUG:aiogram:Response for getUpdates: [200] "'{"ok":true,"result":[{"update_id":775575289,\n"message":{"message_id":1441,"from":{"id":1157296535,"is_bot":false,"first_name":"Shkval","username":"ShkvalGR","language_code":"ru"},"chat":{"id":1157296535,"first_name":"Shkval","username":"ShkvalGR","type":"private"},"date":1633326662,"text":"/search","entities":[{"offset":0,"length":7,"type":"bot_command"}]}}]}'"
DEBUG:aiogram.dispatcher.dispatcher:Received 1 updates.
DEBUG:aiogram:Make request: "sendMessage" with data: "{'chat_id': 1157296535, 'text': 'Введите название  нужной вам профессии: '}" and files "None"
DEBUG:aiogram:Make request: "getUpdates" with data: "{'offset': 775575290, 'timeout': 20}" and files "None"
DEBUG:aiogram:Response for sendMessage: [200] "'{"ok":true,"result":{"message_id":1442,"from":{"id":1894449219,"is_bot":true,"first_name":"Bot4NueralNet","username":"shkvalsbot"},"chat":{"id":1157296535,"first_name":"Shkval","username":"ShkvalGR","type":"private"},"date":1633326663,"text":"\\u0412\\u0432\\u0435\\u0434\\u0438\\u0442\\u0435 \\u043d\\u0430\\u0437\\u0432\\u0430\\u043d\\u0438\\u0435  \\u043d\\u0443\\u0436\\u043d\\u043e\\u0439 \\u0432\\u0430\\u043c \\u043f\\u0440\\u043e\\u0444\\u0435\\u0441\\u0441\\u0438\\u0438:"}}'"
DEBUG:aiogram:Response for getUpdates: [200] "'{"ok":true,"result":[{"update_id":775575290,\n"message":{"message_id":1443,"from":{"id":1157296535,"is_bot":false,"first_name":"Shkval","username":"ShkvalGR","language_code":"ru"},"chat":{"id":1157296535,"first_name":"Shkval","username":"ShkvalGR","type":"private"},"date":1633326667,"text":"Povar"}}]}'"
DEBUG:aiogram.dispatcher.dispatcher:Received 1 updates.
DEBUG:aiogram:Make request: "sendMessage" with data: "{'chat_id': 1157296535, 'text': 'Выберите график работы:', 'reply_markup': '{"keyboard": [[{"text": "Полный рабочий день"}, {"text": "Свободный график"}, {"text": "Сменный график"}], [{"text": "Вахта"}, {"text": "Частичная занятость"}, {"text": "Удалённая работа"}], [{"text": "Не имеет значения"}]], "resize_keyboard": true, "one_time_keyboard": true}'}" and files "None"
DEBUG:aiogram:Make request: "getUpdates" with data: "{'offset': 775575291, 'timeout': 20}" and files "None"
DEBUG:aiogram:Response for sendMessage: [200] "'{"ok":true,"result":{"message_id":1444,"from":{"id":1894449219,"is_bot":true,"first_name":"Bot4NueralNet","username":"shkvalsbot"},"chat":{"id":1157296535,"first_name":"Shkval","username":"ShkvalGR","type":"private"},"date":1633326667,"text":"\\u0412\\u044b\\u0431\\u0435\\u0440\\u0438\\u0442\\u0435 \\u0433\\u0440\\u0430\\u0444\\u0438\\u043a \\u0440\\u0430\\u0431\\u043e\\u0442\\u044b:"}}'"
ERROR:aiogram.dispatcher.dispatcher:Cause exception while getting updates.
Traceback (most recent call last):
  File "/data/data/com.termux/files/usr/lib/python3.9/site-packages/aiogram/bot/api.py", line 139, in make_request
    async with session.post(url, data=req, **kwargs) as response:
  File "/data/data/com.termux/files/usr/lib/python3.9/site-packages/aiohttp/client.py", line 1117, in __aenter__
    self._resp = await self._coro
  File "/data/data/com.termux/files/usr/lib/python3.9/site-packages/aiohttp/client.py", line 544, in _request
    await resp.start(conn)
  File "/data/data/com.termux/files/usr/lib/python3.9/site-packages/aiohttp/client_reqrep.py", line 890, in start
    message, payload = await self._protocol.read()  # type: ignore
  File "/data/data/com.termux/files/usr/lib/python3.9/site-packages/aiohttp/streams.py", line 604, in read
    await self._waiter
aiohttp.client_exceptions.ClientOSError: [Errno 103] Software caused connection abort

During handling of the above exception, another exception occurred:

Traceback (most recent call last):
  File "/data/data/com.termux/files/usr/lib/python3.9/site-packages/aiogram/dispatcher/dispatcher.py", line 383, in start_polling
    updates = await self.bot.get_updates(
  File "/data/data/com.termux/files/usr/lib/python3.9/site-packages/aiogram/bot/bot.py", line 97, in get_updates
    result = await self.request(api.Methods.GET_UPDATES, payload)
  File "/data/data/com.termux/files/usr/lib/python3.9/site-packages/aiogram/bot/base.py", line 208, in request
    return await api.make_request(self.session, self.server, self.__token, method, data, files,
  File "/data/data/com.termux/files/usr/lib/python3.9/site-packages/aiogram/bot/api.py", line 142, in make_request
    raise exceptions.NetworkError(f"aiohttp client throws an error: {e.__class__.__name__}: {e}")
aiogram.utils.exceptions.NetworkError: Aiohttp client throws an error: ClientOSError: [Errno 103] Software caused connection abort
DEBUG:aiogram:Make request: "getUpdates" with data: "{'offset': 775575291, 'timeout': 20}" and files "None"
DEBUG:aiogram:Response for getUpdates: [200] "'{"ok":true,"result":[{"update_id":775575291,\n"message":{"message_id":1445,"from":{"id":1157296535,"is_bot":false,"first_name":"Shkval","username":"ShkvalGR","language_code":"ru"},"chat":{"id":1157296535,"first_name":"Shkval","username":"ShkvalGR","type":"private"},"date":1633326680,"text":"\\u0421\\u0432\\u043e\\u0431\\u043e\\u0434\\u043d\\u044b\\u0439 \\u0433\\u0440\\u0430\\u0444\\u0438\\u043a"}}]}'"
DEBUG:aiogram.dispatcher.dispatcher:Received 1 updates.
DEBUG:aiogram:Make request: "sendMessage" with data: "{'chat_id': 1157296535, 'text': 'Введите минимальную зарплату:'}" and files "None"
DEBUG:aiogram:Make request: "getUpdates" with data: "{'offset': 775575292, 'timeout': 20}" and files "None"
DEBUG:aiogram:Response for sendMessage: [200] "'{"ok":true,"result":{"message_id":1446,"from":{"id":1894449219,"is_bot":true,"first_name":"Bot4NueralNet","username":"shkvalsbot"},"chat":{"id":1157296535,"first_name":"Shkval","username":"ShkvalGR","type":"private"},"date":1633326682,"text":"\\u0412\\u0432\\u0435\\u0434\\u0438\\u0442\\u0435 \\u043c\\u0438\\u043d\\u0438\\u043c\\u0430\\u043b\\u044c\\u043d\\u0443\\u044e \\u0437\\u0430\\u0440\\u043f\\u043b\\u0430\\u0442\\u0443:"}}'"
DEBUG:aiogram:Response for getUpdates: [200] "'{"ok":true,"result":[{"update_id":775575292,\n"message":{"message_id":1447,"from":{"id":1157296535,"is_bot":false,"first_name":"Shkval","username":"ShkvalGR","language_code":"ru"},"chat":{"id":1157296535,"first_name":"Shkval","username":"ShkvalGR","type":"private"},"date":1633326687,"text":"12"}}]}'"
DEBUG:aiogram.dispatcher.dispatcher:Received 1 updates.
DEBUG:aiogram:Make request: "sendMessage" with data: "{'chat_id': 1157296535, 'text': 'Введите максимальную зарплату:'}" and files "None"
DEBUG:aiogram:Make request: "getUpdates" with data: "{'offset': 775575293, 'timeout': 20}" and files "None"
DEBUG:aiogram:Response for sendMessage: [200] "'{"ok":true,"result":{"message_id":1448,"from":{"id":1894449219,"is_bot":true,"first_name":"Bot4NueralNet","username":"shkvalsbot"},"chat":{"id":1157296535,"first_name":"Shkval","username":"ShkvalGR","type":"private"},"date":1633326687,"text":"\\u0412\\u0432\\u0435\\u0434\\u0438\\u0442\\u0435 \\u043c\\u0430\\u043a\\u0441\\u0438\\u043c\\u0430\\u043b\\u044c\\u043d\\u0443\\u044e \\u0437\\u0430\\u0440\\u043f\\u043b\\u0430\\u0442\\u0443:"}}'"
DEBUG:aiogram:Response for getUpdates: [200] "'{"ok":true,"result":[{"update_id":775575293,\n"message":{"message_id":1449,"from":{"id":1157296535,"is_bot":false,"first_name":"Shkval","username":"ShkvalGR","language_code":"ru"},"chat":{"id":1157296535,"first_name":"Shkval","username":"ShkvalGR","type":"private"},"date":1633326689,"text":"23"}}]}'"
DEBUG:aiogram.dispatcher.dispatcher:Received 1 updates.
DEBUG:aiogram:Make request: "sendMessage" with data: "{'chat_id': 1157296535, 'text': 'Выберите ваше образование:', 'reply_markup': '{"keyboard": [[{"text": "Доктоторонтура"}, {"text": "Аспирантура"}, {"text": "МВА"}], [{"text": "Курсы переподготовки"}, {"text": "Второе высшее"}, {"text": "Высшее(магистр)"}], [{"text": "Высшее(специалист)"}, {"text": "Любое образование"}, {"text": "Высшее образование"}], [{"text": "Неполное вышнее образование"}, {"text": "Среднее образование"}, {"text": "Среднее профессиональное образование"}], [{"text": "Высшее(бакалавр)"}]], "resize_keyboard": true, "one_time_keyboard": true}'}" and files "None"
DEBUG:aiogram:Make request: "getUpdates" with data: "{'offset': 775575294, 'timeout': 20}" and files "None"
DEBUG:aiogram:Response for sendMessage: [200] "'{"ok":true,"result":{"message_id":1450,"from":{"id":1894449219,"is_bot":true,"first_name":"Bot4NueralNet","username":"shkvalsbot"},"chat":{"id":1157296535,"first_name":"Shkval","username":"ShkvalGR","type":"private"},"date":1633326689,"text":"\\u0412\\u044b\\u0431\\u0435\\u0440\\u0438\\u0442\\u0435 \\u0432\\u0430\\u0448\\u0435 \\u043e\\u0431\\u0440\\u0430\\u0437\\u043e\\u0432\\u0430\\u043d\\u0438\\u0435:"}}'"
DEBUG:aiogram:Response for getUpdates: [200] "'{"ok":true,"result":[{"update_id":775575294,\n"message":{"message_id":1451,"from":{"id":1157296535,"is_bot":false,"first_name":"Shkval","username":"ShkvalGR","language_code":"ru"},"chat":{"id":1157296535,"first_name":"Shkval","username":"ShkvalGR","type":"private"},"date":1633326691,"text":"\\u041b\\u044e\\u0431\\u043e\\u0435 \\u043e\\u0431\\u0440\\u0430\\u0437\\u043e\\u0432\\u0430\\u043d\\u0438\\u0435"}}]}'"
DEBUG:aiogram.dispatcher.dispatcher:Received 1 updates.
DEBUG:aiogram:Make request: "sendMessage" with data: "{'chat_id': 1157296535, 'text': 'Введите опыт работы: '}" and files "None"
DEBUG:aiogram:Make request: "getUpdates" with data: "{'offset': 775575295, 'timeout': 20}" and files "None"
DEBUG:aiogram:Response for sendMessage: [200] "'{"ok":true,"result":{"message_id":1452,"from":{"id":1894449219,"is_bot":true,"first_name":"Bot4NueralNet","username":"shkvalsbot"},"chat":{"id":1157296535,"first_name":"Shkval","username":"ShkvalGR","type":"private"},"date":1633326691,"text":"\\u0412\\u0432\\u0435\\u0434\\u0438\\u0442\\u0435 \\u043e\\u043f\\u044b\\u0442 \\u0440\\u0430\\u0431\\u043e\\u0442\\u044b:"}}'"
DEBUG:aiogram:Response for getUpdates: [200] "'{"ok":true,"result":[{"update_id":775575295,\n"message":{"message_id":1453,"from":{"id":1157296535,"is_bot":false,"first_name":"Shkval","username":"ShkvalGR","language_code":"ru"},"chat":{"id":1157296535,"first_name":"Shkval","username":"ShkvalGR","type":"private"},"date":1633326693,"text":"12"}}]}'"
DEBUG:aiogram.dispatcher.dispatcher:Received 1 updates.
DEBUG:aiogram:Make request: "sendMessage" with data: "{'chat_id': 1157296535, 'text': 'Введите максимальный возраст:'}" and files "None"
DEBUG:aiogram:Make request: "getUpdates" with data: "{'offset': 775575296, 'timeout': 20}" and files "None"
DEBUG:aiogram:Response for sendMessage: [200] "'{"ok":true,"result":{"message_id":1454,"from":{"id":1894449219,"is_bot":true,"first_name":"Bot4NueralNet","username":"shkvalsbot"},"chat":{"id":1157296535,"first_name":"Shkval","username":"ShkvalGR","type":"private"},"date":1633326693,"text":"\\u0412\\u0432\\u0435\\u0434\\u0438\\u0442\\u0435 \\u043c\\u0430\\u043a\\u0441\\u0438\\u043c\\u0430\\u043b\\u044c\\u043d\\u044b\\u0439 \\u0432\\u043e\\u0437\\u0440\\u0430\\u0441\\u0442:"}}'"
DEBUG:aiogram:Response for getUpdates: [200] "'{"ok":true,"result":[{"update_id":775575296,\n"message":{"message_id":1455,"from":{"id":1157296535,"is_bot":false,"first_name":"Shkval","username":"ShkvalGR","language_code":"ru"},"chat":{"id":1157296535,"first_name":"Shkval","username":"ShkvalGR","type":"private"},"date":1633326696,"text":"33"}}]}'"
DEBUG:aiogram.dispatcher.dispatcher:Received 1 updates.
DEBUG:aiogram:Make request: "sendMessage" with data: "{'chat_id': 1157296535, 'text': 'Являетесь ли вы иностранным гражданином:', 'reply_markup': '{"keyboard": [[{"text": "Да, являюсь"}, {"text": "Нет, не являюсь"}]], "resize_keyboard": true, "one_time_keyboard": true}'}" and files "None"
DEBUG:aiogram:Make request: "getUpdates" with data: "{'offset': 775575297, 'timeout': 20}" and files "None"
DEBUG:aiogram:Response for sendMessage: [200] "'{"ok":true,"result":{"message_id":1456,"from":{"id":1894449219,"is_bot":true,"first_name":"Bot4NueralNet","username":"shkvalsbot"},"chat":{"id":1157296535,"first_name":"Shkval","username":"ShkvalGR","type":"private"},"date":1633326696,"text":"\\u042f\\u0432\\u043b\\u044f\\u0435\\u0442\\u0435\\u0441\\u044c \\u043b\\u0438 \\u0432\\u044b \\u0438\\u043d\\u043e\\u0441\\u0442\\u0440\\u0430\\u043d\\u043d\\u044b\\u043c \\u0433\\u0440\\u0430\\u0436\\u0434\\u0430\\u043d\\u0438\\u043d\\u043e\\u043c:"}}'"
DEBUG:aiogram:Response for getUpdates: [200] "'{"ok":true,"result":[{"update_id":775575297,\n"message":{"message_id":1457,"from":{"id":1157296535,"is_bot":false,"first_name":"Shkval","username":"ShkvalGR","language_code":"ru"},"chat":{"id":1157296535,"first_name":"Shkval","username":"ShkvalGR","type":"private"},"date":1633326698,"text":"\\u0414\\u0430, \\u044f\\u0432\\u043b\\u044f\\u044e\\u0441\\u044c"}}]}'"
DEBUG:aiogram.dispatcher.dispatcher:Received 1 updates.
DEBUG:aiogram:Make request: "sendMessage" with data: "{'chat_id': 1157296535, 'text': 'Являетесь ли вы мужчиной:', 'reply_markup': '{"keyboard": [[{"text": "Да, являюсь"}, {"text": "Нет, не являюсь"}]], "resize_keyboard": true, "one_time_keyboard": true}'}" and files "None"
DEBUG:aiogram:Make request: "getUpdates" with data: "{'offset': 775575298, 'timeout': 20}" and files "None"
DEBUG:aiogram:Response for sendMessage: [200] "'{"ok":true,"result":{"message_id":1458,"from":{"id":1894449219,"is_bot":true,"first_name":"Bot4NueralNet","username":"shkvalsbot"},"chat":{"id":1157296535,"first_name":"Shkval","username":"ShkvalGR","type":"private"},"date":1633326698,"text":"\\u042f\\u0432\\u043b\\u044f\\u0435\\u0442\\u0435\\u0441\\u044c \\u043b\\u0438 \\u0432\\u044b \\u043c\\u0443\\u0436\\u0447\\u0438\\u043d\\u043e\\u0439:"}}'"
DEBUG:aiogram:Response for getUpdates: [200] "'{"ok":true,"result":[{"update_id":775575298,\n"message":{"message_id":1459,"from":{"id":1157296535,"is_bot":false,"first_name":"Shkval","username":"ShkvalGR","language_code":"ru"},"chat":{"id":1157296535,"first_name":"Shkval","username":"ShkvalGR","type":"private"},"date":1633326700,"text":"\\u0414\\u0430, \\u044f\\u0432\\u043b\\u044f\\u044e\\u0441\\u044c"}}]}'"
DEBUG:aiogram.dispatcher.dispatcher:Received 1 updates.
DEBUG:aiogram:Make request: "getUpdates" with data: "{'offset': 775575299, 'timeout': 20}" and files "None"
DEBUG:aiogram:Response for getUpdates: [200] "'{"ok":true,"result":[]}'"
DEBUG:aiogram:Make request: "getUpdates" with data: "{'offset': 775575299, 'timeout': 20}" and files "None"
INFO:aiogram.dispatcher.dispatcher:Stop polling...
WARNING:aiogram:Goodbye!
INFO:WorkScrapper:[10/04/21 10:52:43] Bot was initializated successfuly
DEBUG:asyncio:Using selector: EpollSelector
DEBUG:aiogram:Make request: "getMe" with data: "{}" and files "None"
DEBUG:aiogram:Response for getMe: [200] "'{"ok":true,"result":{"id":1894449219,"is_bot":true,"first_name":"Bot4NueralNet","username":"shkvalsbot","can_join_groups":true,"can_read_all_group_messages":false,"supports_inline_queries":false}}'"
INFO:aiogram:Bot: Bot4NueralNet [@shkvalsbot]
DEBUG:aiogram:Make request: "getWebhookInfo" with data: "{}" and files "None"
DEBUG:aiogram:Response for getWebhookInfo: [200] "'{"ok":true,"result":{"url":"","has_custom_certificate":false,"pending_update_count":0}}'"
DEBUG:aiogram:Make request: "getUpdates" with data: "{'offset': -1, 'timeout': 1}" and files "None"
DEBUG:aiogram:Response for getUpdates: [200] "'{"ok":true,"result":[]}'"
WARNING:aiogram:Updates were skipped successfully.
INFO:aiogram.dispatcher.dispatcher:Start polling.
DEBUG:aiogram:Make request: "getWebhookInfo" with data: "{}" and files "None"
DEBUG:aiogram:Response for getWebhookInfo: [200] "'{"ok":true,"result":{"url":"","has_custom_certificate":false,"pending_update_count":0}}'"
DEBUG:aiogram:Make request: "getUpdates" with data: "{'timeout': 20}" and files "None"
DEBUG:aiogram:Response for getUpdates: [200] "'{"ok":true,"result":[{"update_id":775575299,\n"my_chat_member":{"chat":{"id":1157296535,"first_name":"Shkval","username":"ShkvalGR","type":"private"},"from":{"id":1157296535,"is_bot":false,"first_name":"Shkval","username":"ShkvalGR","language_code":"ru"},"date":1633326773,"old_chat_member":{"user":{"id":1894449219,"is_bot":true,"first_name":"Bot4NueralNet","username":"shkvalsbot"},"status":"member"},"new_chat_member":{"user":{"id":1894449219,"is_bot":true,"first_name":"Bot4NueralNet","username":"shkvalsbot"},"status":"kicked","until_date":0}}}]}'"
DEBUG:aiogram.dispatcher.dispatcher:Received 1 updates.
DEBUG:aiogram:Make request: "getUpdates" with data: "{'offset': 775575300, 'timeout': 20}" and files "None"
DEBUG:aiogram:Response for getUpdates: [200] "'{"ok":true,"result":[{"update_id":775575300,\n"my_chat_member":{"chat":{"id":1157296535,"first_name":"Shkval","username":"ShkvalGR","type":"private"},"from":{"id":1157296535,"is_bot":false,"first_name":"Shkval","username":"ShkvalGR","language_code":"ru"},"date":1633326775,"old_chat_member":{"user":{"id":1894449219,"is_bot":true,"first_name":"Bot4NueralNet","username":"shkvalsbot"},"status":"kicked","until_date":0},"new_chat_member":{"user":{"id":1894449219,"is_bot":true,"first_name":"Bot4NueralNet","username":"shkvalsbot"},"status":"member"}}}]}'"
DEBUG:aiogram.dispatcher.dispatcher:Received 1 updates.
DEBUG:aiogram:Make request: "getUpdates" with data: "{'offset': 775575301, 'timeout': 20}" and files "None"
DEBUG:aiogram:Response for getUpdates: [200] "'{"ok":true,"result":[{"update_id":775575301,\n"message":{"message_id":1460,"from":{"id":1157296535,"is_bot":false,"first_name":"Shkval","username":"ShkvalGR","language_code":"ru"},"chat":{"id":1157296535,"first_name":"Shkval","username":"ShkvalGR","type":"private"},"date":1633326775,"text":"/start","entities":[{"offset":0,"length":6,"type":"bot_command"}]}}]}'"
DEBUG:aiogram.dispatcher.dispatcher:Received 1 updates.
DEBUG:aiogram:Make request: "sendMessage" with data: "{'chat_id': 1157296535, 'text': 'Здравствуйте, ShkvalGR! Для того, чтобы подобрать вакансии, вам нужно начать поиск командой /search'}" and files "None"
DEBUG:aiogram:Make request: "getUpdates" with data: "{'offset': 775575302, 'timeout': 20}" and files "None"
DEBUG:aiogram:Response for sendMessage: [200] "'{"ok":true,"result":{"message_id":1461,"from":{"id":1894449219,"is_bot":true,"first_name":"Bot4NueralNet","username":"shkvalsbot"},"chat":{"id":1157296535,"first_name":"Shkval","username":"ShkvalGR","type":"private"},"date":1633326775,"text":"\\u0417\\u0434\\u0440\\u0430\\u0432\\u0441\\u0442\\u0432\\u0443\\u0439\\u0442\\u0435, ShkvalGR! \\u0414\\u043b\\u044f \\u0442\\u043e\\u0433\\u043e, \\u0447\\u0442\\u043e\\u0431\\u044b \\u043f\\u043e\\u0434\\u043e\\u0431\\u0440\\u0430\\u0442\\u044c \\u0432\\u0430\\u043a\\u0430\\u043d\\u0441\\u0438\\u0438, \\u0432\\u0430\\u043c \\u043d\\u0443\\u0436\\u043d\\u043e \\u043d\\u0430\\u0447\\u0430\\u0442\\u044c \\u043f\\u043e\\u0438\\u0441\\u043a \\u043a\\u043e\\u043c\\u0430\\u043d\\u0434\\u043e\\u0439 /search","entities":[{"offset":92,"length":7,"type":"bot_command"}]}}'"
DEBUG:aiogram:Response for getUpdates: [200] "'{"ok":true,"result":[{"update_id":775575302,\n"message":{"message_id":1462,"from":{"id":1157296535,"is_bot":false,"first_name":"Shkval","username":"ShkvalGR","language_code":"ru"},"chat":{"id":1157296535,"first_name":"Shkval","username":"ShkvalGR","type":"private"},"date":1633326776,"text":"/search","entities":[{"offset":0,"length":7,"type":"bot_command"}]}}]}'"
DEBUG:aiogram.dispatcher.dispatcher:Received 1 updates.
DEBUG:aiogram:Make request: "sendMessage" with data: "{'chat_id': 1157296535, 'text': 'Введите название  нужной вам профессии: '}" and files "None"
DEBUG:aiogram:Make request: "getUpdates" with data: "{'offset': 775575303, 'timeout': 20}" and files "None"
DEBUG:aiogram:Response for sendMessage: [200] "'{"ok":true,"result":{"message_id":1463,"from":{"id":1894449219,"is_bot":true,"first_name":"Bot4NueralNet","username":"shkvalsbot"},"chat":{"id":1157296535,"first_name":"Shkval","username":"ShkvalGR","type":"private"},"date":1633326776,"text":"\\u0412\\u0432\\u0435\\u0434\\u0438\\u0442\\u0435 \\u043d\\u0430\\u0437\\u0432\\u0430\\u043d\\u0438\\u0435  \\u043d\\u0443\\u0436\\u043d\\u043e\\u0439 \\u0432\\u0430\\u043c \\u043f\\u0440\\u043e\\u0444\\u0435\\u0441\\u0441\\u0438\\u0438:"}}'"
DEBUG:aiogram:Response for getUpdates: [200] "'{"ok":true,"result":[{"update_id":775575303,\n"message":{"message_id":1464,"from":{"id":1157296535,"is_bot":false,"first_name":"Shkval","username":"ShkvalGR","language_code":"ru"},"chat":{"id":1157296535,"first_name":"Shkval","username":"ShkvalGR","type":"private"},"date":1633326780,"text":"\\u041f\\u043e\\u0432\\u0430\\u0440"}}]}'"
DEBUG:aiogram.dispatcher.dispatcher:Received 1 updates.
DEBUG:aiogram:Make request: "sendMessage" with data: "{'chat_id': 1157296535, 'text': 'Выберите график работы:', 'reply_markup': '{"keyboard": [[{"text": "Полный рабочий день"}, {"text": "Свободный график"}, {"text": "Сменный график"}], [{"text": "Вахта"}, {"text": "Частичная занятость"}, {"text": "Удалённая работа"}], [{"text": "Не имеет значения"}]], "resize_keyboard": true, "one_time_keyboard": true}'}" and files "None"
DEBUG:aiogram:Make request: "getUpdates" with data: "{'offset': 775575304, 'timeout': 20}" and files "None"
DEBUG:aiogram:Response for sendMessage: [200] "'{"ok":true,"result":{"message_id":1465,"from":{"id":1894449219,"is_bot":true,"first_name":"Bot4NueralNet","username":"shkvalsbot"},"chat":{"id":1157296535,"first_name":"Shkval","username":"ShkvalGR","type":"private"},"date":1633326781,"text":"\\u0412\\u044b\\u0431\\u0435\\u0440\\u0438\\u0442\\u0435 \\u0433\\u0440\\u0430\\u0444\\u0438\\u043a \\u0440\\u0430\\u0431\\u043e\\u0442\\u044b:"}}'"
ERROR:aiogram.dispatcher.dispatcher:Cause exception while getting updates.
Traceback (most recent call last):
  File "/data/data/com.termux/files/usr/lib/python3.9/site-packages/aiogram/bot/api.py", line 139, in make_request
    async with session.post(url, data=req, **kwargs) as response:
  File "/data/data/com.termux/files/usr/lib/python3.9/site-packages/aiohttp/client.py", line 1117, in __aenter__
    self._resp = await self._coro
  File "/data/data/com.termux/files/usr/lib/python3.9/site-packages/aiohttp/client.py", line 544, in _request
    await resp.start(conn)
  File "/data/data/com.termux/files/usr/lib/python3.9/site-packages/aiohttp/client_reqrep.py", line 890, in start
    message, payload = await self._protocol.read()  # type: ignore
  File "/data/data/com.termux/files/usr/lib/python3.9/site-packages/aiohttp/streams.py", line 604, in read
    await self._waiter
aiohttp.client_exceptions.ClientOSError: [Errno 103] Software caused connection abort

During handling of the above exception, another exception occurred:

Traceback (most recent call last):
  File "/data/data/com.termux/files/usr/lib/python3.9/site-packages/aiogram/dispatcher/dispatcher.py", line 383, in start_polling
    updates = await self.bot.get_updates(
  File "/data/data/com.termux/files/usr/lib/python3.9/site-packages/aiogram/bot/bot.py", line 97, in get_updates
    result = await self.request(api.Methods.GET_UPDATES, payload)
  File "/data/data/com.termux/files/usr/lib/python3.9/site-packages/aiogram/bot/base.py", line 208, in request
    return await api.make_request(self.session, self.server, self.__token, method, data, files,
  File "/data/data/com.termux/files/usr/lib/python3.9/site-packages/aiogram/bot/api.py", line 142, in make_request
    raise exceptions.NetworkError(f"aiohttp client throws an error: {e.__class__.__name__}: {e}")
aiogram.utils.exceptions.NetworkError: Aiohttp client throws an error: ClientOSError: [Errno 103] Software caused connection abort
DEBUG:aiogram:Make request: "getUpdates" with data: "{'offset': 775575304, 'timeout': 20}" and files "None"
DEBUG:aiogram:Response for getUpdates: [200] "'{"ok":true,"result":[{"update_id":775575304,\n"message":{"message_id":1466,"from":{"id":1157296535,"is_bot":false,"first_name":"Shkval","username":"ShkvalGR","language_code":"ru"},"chat":{"id":1157296535,"first_name":"Shkval","username":"ShkvalGR","type":"private"},"date":1633326782,"text":"\\u0427\\u0430\\u0441\\u0442\\u0438\\u0447\\u043d\\u0430\\u044f \\u0437\\u0430\\u043d\\u044f\\u0442\\u043e\\u0441\\u0442\\u044c"}}]}'"
DEBUG:aiogram.dispatcher.dispatcher:Received 1 updates.
DEBUG:aiogram:Make request: "sendMessage" with data: "{'chat_id': 1157296535, 'text': 'Введите минимальную зарплату:'}" and files "None"
DEBUG:aiogram:Make request: "getUpdates" with data: "{'offset': 775575305, 'timeout': 20}" and files "None"
DEBUG:aiogram:Response for sendMessage: [200] "'{"ok":true,"result":{"message_id":1467,"from":{"id":1894449219,"is_bot":true,"first_name":"Bot4NueralNet","username":"shkvalsbot"},"chat":{"id":1157296535,"first_name":"Shkval","username":"ShkvalGR","type":"private"},"date":1633326787,"text":"\\u0412\\u0432\\u0435\\u0434\\u0438\\u0442\\u0435 \\u043c\\u0438\\u043d\\u0438\\u043c\\u0430\\u043b\\u044c\\u043d\\u0443\\u044e \\u0437\\u0430\\u0440\\u043f\\u043b\\u0430\\u0442\\u0443:"}}'"
DEBUG:aiogram:Response for getUpdates: [200] "'{"ok":true,"result":[{"update_id":775575305,\n"message":{"message_id":1468,"from":{"id":1157296535,"is_bot":false,"first_name":"Shkval","username":"ShkvalGR","language_code":"ru"},"chat":{"id":1157296535,"first_name":"Shkval","username":"ShkvalGR","type":"private"},"date":1633326792,"text":"12"}}]}'"
DEBUG:aiogram.dispatcher.dispatcher:Received 1 updates.
DEBUG:aiogram:Make request: "sendMessage" with data: "{'chat_id': 1157296535, 'text': 'Введите максимальную зарплату:'}" and files "None"
DEBUG:aiogram:Make request: "getUpdates" with data: "{'offset': 775575306, 'timeout': 20}" and files "None"
DEBUG:aiogram:Response for sendMessage: [200] "'{"ok":true,"result":{"message_id":1469,"from":{"id":1894449219,"is_bot":true,"first_name":"Bot4NueralNet","username":"shkvalsbot"},"chat":{"id":1157296535,"first_name":"Shkval","username":"ShkvalGR","type":"private"},"date":1633326792,"text":"\\u0412\\u0432\\u0435\\u0434\\u0438\\u0442\\u0435 \\u043c\\u0430\\u043a\\u0441\\u0438\\u043c\\u0430\\u043b\\u044c\\u043d\\u0443\\u044e \\u0437\\u0430\\u0440\\u043f\\u043b\\u0430\\u0442\\u0443:"}}'"
DEBUG:aiogram:Response for getUpdates: [200] "'{"ok":true,"result":[{"update_id":775575306,\n"message":{"message_id":1470,"from":{"id":1157296535,"is_bot":false,"first_name":"Shkval","username":"ShkvalGR","language_code":"ru"},"chat":{"id":1157296535,"first_name":"Shkval","username":"ShkvalGR","type":"private"},"date":1633326794,"text":"4"}}]}'"
DEBUG:aiogram.dispatcher.dispatcher:Received 1 updates.
DEBUG:aiogram:Make request: "sendMessage" with data: "{'chat_id': 1157296535, 'text': 'Выберите ваше образование:', 'reply_markup': '{"keyboard": [[{"text": "Доктоторонтура"}, {"text": "Аспирантура"}, {"text": "МВА"}], [{"text": "Курсы переподготовки"}, {"text": "Второе высшее"}, {"text": "Высшее(магистр)"}], [{"text": "Высшее(специалист)"}, {"text": "Любое образование"}, {"text": "Высшее образование"}], [{"text": "Неполное вышнее образование"}, {"text": "Среднее образование"}, {"text": "Среднее профессиональное образование"}], [{"text": "Высшее(бакалавр)"}]], "resize_keyboard": true, "one_time_keyboard": true}'}" and files "None"
DEBUG:aiogram:Make request: "getUpdates" with data: "{'offset': 775575307, 'timeout': 20}" and files "None"
DEBUG:aiogram:Response for sendMessage: [200] "'{"ok":true,"result":{"message_id":1471,"from":{"id":1894449219,"is_bot":true,"first_name":"Bot4NueralNet","username":"shkvalsbot"},"chat":{"id":1157296535,"first_name":"Shkval","username":"ShkvalGR","type":"private"},"date":1633326794,"text":"\\u0412\\u044b\\u0431\\u0435\\u0440\\u0438\\u0442\\u0435 \\u0432\\u0430\\u0448\\u0435 \\u043e\\u0431\\u0440\\u0430\\u0437\\u043e\\u0432\\u0430\\u043d\\u0438\\u0435:"}}'"
DEBUG:aiogram:Response for getUpdates: [200] "'{"ok":true,"result":[{"update_id":775575307,\n"message":{"message_id":1472,"from":{"id":1157296535,"is_bot":false,"first_name":"Shkval","username":"ShkvalGR","language_code":"ru"},"chat":{"id":1157296535,"first_name":"Shkval","username":"ShkvalGR","type":"private"},"date":1633326795,"text":"\\u0410\\u0441\\u043f\\u0438\\u0440\\u0430\\u043d\\u0442\\u0443\\u0440\\u0430"}}]}'"
DEBUG:aiogram.dispatcher.dispatcher:Received 1 updates.
DEBUG:aiogram:Make request: "sendMessage" with data: "{'chat_id': 1157296535, 'text': 'Введите опыт работы: '}" and files "None"
DEBUG:aiogram:Make request: "getUpdates" with data: "{'offset': 775575308, 'timeout': 20}" and files "None"
DEBUG:aiogram:Response for sendMessage: [200] "'{"ok":true,"result":{"message_id":1473,"from":{"id":1894449219,"is_bot":true,"first_name":"Bot4NueralNet","username":"shkvalsbot"},"chat":{"id":1157296535,"first_name":"Shkval","username":"ShkvalGR","type":"private"},"date":1633326795,"text":"\\u0412\\u0432\\u0435\\u0434\\u0438\\u0442\\u0435 \\u043e\\u043f\\u044b\\u0442 \\u0440\\u0430\\u0431\\u043e\\u0442\\u044b:"}}'"
DEBUG:aiogram:Response for getUpdates: [200] "'{"ok":true,"result":[{"update_id":775575308,\n"message":{"message_id":1474,"from":{"id":1157296535,"is_bot":false,"first_name":"Shkval","username":"ShkvalGR","language_code":"ru"},"chat":{"id":1157296535,"first_name":"Shkval","username":"ShkvalGR","type":"private"},"date":1633326797,"text":"12"}}]}'"
DEBUG:aiogram.dispatcher.dispatcher:Received 1 updates.
DEBUG:aiogram:Make request: "sendMessage" with data: "{'chat_id': 1157296535, 'text': 'Введите максимальный возраст:'}" and files "None"
DEBUG:aiogram:Make request: "getUpdates" with data: "{'offset': 775575309, 'timeout': 20}" and files "None"
DEBUG:aiogram:Response for sendMessage: [200] "'{"ok":true,"result":{"message_id":1475,"from":{"id":1894449219,"is_bot":true,"first_name":"Bot4NueralNet","username":"shkvalsbot"},"chat":{"id":1157296535,"first_name":"Shkval","username":"ShkvalGR","type":"private"},"date":1633326797,"text":"\\u0412\\u0432\\u0435\\u0434\\u0438\\u0442\\u0435 \\u043c\\u0430\\u043a\\u0441\\u0438\\u043c\\u0430\\u043b\\u044c\\u043d\\u044b\\u0439 \\u0432\\u043e\\u0437\\u0440\\u0430\\u0441\\u0442:"}}'"
DEBUG:aiogram:Response for getUpdates: [200] "'{"ok":true,"result":[{"update_id":775575309,\n"message":{"message_id":1476,"from":{"id":1157296535,"is_bot":false,"first_name":"Shkval","username":"ShkvalGR","language_code":"ru"},"chat":{"id":1157296535,"first_name":"Shkval","username":"ShkvalGR","type":"private"},"date":1633326800,"text":"30"}}]}'"
DEBUG:aiogram.dispatcher.dispatcher:Received 1 updates.
DEBUG:aiogram:Make request: "sendMessage" with data: "{'chat_id': 1157296535, 'text': 'Являетесь ли вы иностранным гражданином:', 'reply_markup': '{"keyboard": [[{"text": "Да, являюсь"}, {"text": "Нет, не являюсь"}]], "resize_keyboard": true, "one_time_keyboard": true}'}" and files "None"
DEBUG:aiogram:Make request: "getUpdates" with data: "{'offset': 775575310, 'timeout': 20}" and files "None"
DEBUG:aiogram:Response for sendMessage: [200] "'{"ok":true,"result":{"message_id":1477,"from":{"id":1894449219,"is_bot":true,"first_name":"Bot4NueralNet","username":"shkvalsbot"},"chat":{"id":1157296535,"first_name":"Shkval","username":"ShkvalGR","type":"private"},"date":1633326800,"text":"\\u042f\\u0432\\u043b\\u044f\\u0435\\u0442\\u0435\\u0441\\u044c \\u043b\\u0438 \\u0432\\u044b \\u0438\\u043d\\u043e\\u0441\\u0442\\u0440\\u0430\\u043d\\u043d\\u044b\\u043c \\u0433\\u0440\\u0430\\u0436\\u0434\\u0430\\u043d\\u0438\\u043d\\u043e\\u043c:"}}'"
DEBUG:aiogram:Response for getUpdates: [200] "'{"ok":true,"result":[{"update_id":775575310,\n"message":{"message_id":1478,"from":{"id":1157296535,"is_bot":false,"first_name":"Shkval","username":"ShkvalGR","language_code":"ru"},"chat":{"id":1157296535,"first_name":"Shkval","username":"ShkvalGR","type":"private"},"date":1633326801,"text":"\\u0414\\u0430, \\u044f\\u0432\\u043b\\u044f\\u044e\\u0441\\u044c"}}]}'"
DEBUG:aiogram.dispatcher.dispatcher:Received 1 updates.
DEBUG:aiogram:Make request: "sendMessage" with data: "{'chat_id': 1157296535, 'text': 'Являетесь ли вы мужчиной:', 'reply_markup': '{"keyboard": [[{"text": "Да, являюсь"}, {"text": "Нет, не являюсь"}]], "resize_keyboard": true, "one_time_keyboard": true}'}" and files "None"
DEBUG:aiogram:Make request: "getUpdates" with data: "{'offset': 775575311, 'timeout': 20}" and files "None"
DEBUG:aiogram:Response for sendMessage: [200] "'{"ok":true,"result":{"message_id":1479,"from":{"id":1894449219,"is_bot":true,"first_name":"Bot4NueralNet","username":"shkvalsbot"},"chat":{"id":1157296535,"first_name":"Shkval","username":"ShkvalGR","type":"private"},"date":1633326802,"text":"\\u042f\\u0432\\u043b\\u044f\\u0435\\u0442\\u0435\\u0441\\u044c \\u043b\\u0438 \\u0432\\u044b \\u043c\\u0443\\u0436\\u0447\\u0438\\u043d\\u043e\\u0439:"}}'"
DEBUG:aiogram:Response for getUpdates: [200] "'{"ok":true,"result":[{"update_id":775575311,\n"message":{"message_id":1480,"from":{"id":1157296535,"is_bot":false,"first_name":"Shkval","username":"ShkvalGR","language_code":"ru"},"chat":{"id":1157296535,"first_name":"Shkval","username":"ShkvalGR","type":"private"},"date":1633326802,"text":"\\u041d\\u0435\\u0442, \\u043d\\u0435 \\u044f\\u0432\\u043b\\u044f\\u044e\\u0441\\u044c"}}]}'"
DEBUG:aiogram.dispatcher.dispatcher:Received 1 updates.
DEBUG:aiogram:Make request: "sendMessage" with data: "{'chat_id': 1157296535, 'text': 'Здесь должны быть данные из нейросети :)'}" and files "None"
DEBUG:aiogram:Make request: "getUpdates" with data: "{'offset': 775575312, 'timeout': 20}" and files "None"
DEBUG:aiogram:Response for sendMessage: [200] "'{"ok":true,"result":{"message_id":1481,"from":{"id":1894449219,"is_bot":true,"first_name":"Bot4NueralNet","username":"shkvalsbot"},"chat":{"id":1157296535,"first_name":"Shkval","username":"ShkvalGR","type":"private"},"date":1633326802,"text":"\\u0417\\u0434\\u0435\\u0441\\u044c \\u0434\\u043e\\u043b\\u0436\\u043d\\u044b \\u0431\\u044b\\u0442\\u044c \\u0434\\u0430\\u043d\\u043d\\u044b\\u0435 \\u0438\\u0437 \\u043d\\u0435\\u0439\\u0440\\u043e\\u0441\\u0435\\u0442\\u0438 :)"}}'"
INFO:aiogram.dispatcher.dispatcher:Stop polling...
WARNING:aiogram:Goodbye!
INFO:WorkScrapper:[10/04/21 11:34:52] Bot was initializated successfuly
DEBUG:asyncio:Using selector: EpollSelector
DEBUG:aiogram:Make request: "getMe" with data: "{}" and files "None"
DEBUG:aiogram:Response for getMe: [200] "'{"ok":true,"result":{"id":1894449219,"is_bot":true,"first_name":"Bot4NueralNet","username":"shkvalsbot","can_join_groups":true,"can_read_all_group_messages":false,"supports_inline_queries":false}}'"
INFO:aiogram:Bot: Bot4NueralNet [@shkvalsbot]
DEBUG:aiogram:Make request: "getWebhookInfo" with data: "{}" and files "None"
DEBUG:aiogram:Response for getWebhookInfo: [200] "'{"ok":true,"result":{"url":"","has_custom_certificate":false,"pending_update_count":0}}'"
DEBUG:aiogram:Make request: "getUpdates" with data: "{'offset': -1, 'timeout': 1}" and files "None"
DEBUG:aiogram:Response for getUpdates: [200] "'{"ok":true,"result":[]}'"
WARNING:aiogram:Updates were skipped successfully.
INFO:aiogram.dispatcher.dispatcher:Start polling.
DEBUG:aiogram:Make request: "getWebhookInfo" with data: "{}" and files "None"
DEBUG:aiogram:Response for getWebhookInfo: [200] "'{"ok":true,"result":{"url":"","has_custom_certificate":false,"pending_update_count":0}}'"
DEBUG:aiogram:Make request: "getUpdates" with data: "{'timeout': 20}" and files "None"
INFO:aiogram.dispatcher.dispatcher:Stop polling...
WARNING:aiogram:Goodbye!
INFO:WorkScrapper:[10/04/21 11:40:07] Bot was initializated successfuly
DEBUG:asyncio:Using selector: EpollSelector
DEBUG:aiogram:Make request: "getMe" with data: "{}" and files "None"
DEBUG:aiogram:Response for getMe: [200] "'{"ok":true,"result":{"id":1894449219,"is_bot":true,"first_name":"Bot4NueralNet","username":"shkvalsbot","can_join_groups":true,"can_read_all_group_messages":false,"supports_inline_queries":false}}'"
INFO:aiogram:Bot: Bot4NueralNet [@shkvalsbot]
DEBUG:aiogram:Make request: "getWebhookInfo" with data: "{}" and files "None"
DEBUG:aiogram:Response for getWebhookInfo: [200] "'{"ok":true,"result":{"url":"","has_custom_certificate":false,"pending_update_count":0}}'"
DEBUG:aiogram:Make request: "getUpdates" with data: "{'offset': -1, 'timeout': 1}" and files "None"
DEBUG:aiogram:Response for getUpdates: [200] "'{"ok":true,"result":[]}'"
WARNING:aiogram:Updates were skipped successfully.
INFO:aiogram.dispatcher.dispatcher:Start polling.
DEBUG:aiogram:Make request: "getWebhookInfo" with data: "{}" and files "None"
DEBUG:aiogram:Response for getWebhookInfo: [200] "'{"ok":true,"result":{"url":"","has_custom_certificate":false,"pending_update_count":0}}'"
DEBUG:aiogram:Make request: "getUpdates" with data: "{'timeout': 20}" and files "None"
ERROR:aiogram.dispatcher.dispatcher:Cause exception while getting updates.
Traceback (most recent call last):
  File "/data/data/com.termux/files/usr/lib/python3.9/site-packages/aiogram/bot/api.py", line 139, in make_request
    async with session.post(url, data=req, **kwargs) as response:
  File "/data/data/com.termux/files/usr/lib/python3.9/site-packages/aiohttp/client.py", line 1117, in __aenter__
    self._resp = await self._coro
  File "/data/data/com.termux/files/usr/lib/python3.9/site-packages/aiohttp/client.py", line 544, in _request
    await resp.start(conn)
  File "/data/data/com.termux/files/usr/lib/python3.9/site-packages/aiohttp/client_reqrep.py", line 890, in start
    message, payload = await self._protocol.read()  # type: ignore
  File "/data/data/com.termux/files/usr/lib/python3.9/site-packages/aiohttp/streams.py", line 604, in read
    await self._waiter
aiohttp.client_exceptions.ClientOSError: [Errno 103] Software caused connection abort

During handling of the above exception, another exception occurred:

Traceback (most recent call last):
  File "/data/data/com.termux/files/usr/lib/python3.9/site-packages/aiogram/dispatcher/dispatcher.py", line 383, in start_polling
    updates = await self.bot.get_updates(
  File "/data/data/com.termux/files/usr/lib/python3.9/site-packages/aiogram/bot/bot.py", line 97, in get_updates
    result = await self.request(api.Methods.GET_UPDATES, payload)
  File "/data/data/com.termux/files/usr/lib/python3.9/site-packages/aiogram/bot/base.py", line 208, in request
    return await api.make_request(self.session, self.server, self.__token, method, data, files,
  File "/data/data/com.termux/files/usr/lib/python3.9/site-packages/aiogram/bot/api.py", line 142, in make_request
    raise exceptions.NetworkError(f"aiohttp client throws an error: {e.__class__.__name__}: {e}")
aiogram.utils.exceptions.NetworkError: Aiohttp client throws an error: ClientOSError: [Errno 103] Software caused connection abort
DEBUG:aiogram:Make request: "getUpdates" with data: "{'timeout': 20}" and files "None"
DEBUG:aiogram:Response for getUpdates: [200] "'{"ok":true,"result":[{"update_id":775575312,\n"message":{"message_id":1482,"from":{"id":1157296535,"is_bot":false,"first_name":"Shkval","username":"ShkvalGR","language_code":"ru"},"chat":{"id":1157296535,"first_name":"Shkval","username":"ShkvalGR","type":"private"},"date":1633329624,"text":"/start","entities":[{"offset":0,"length":6,"type":"bot_command"}]}}]}'"
DEBUG:aiogram.dispatcher.dispatcher:Received 1 updates.
DEBUG:aiogram:Make request: "sendMessage" with data: "{'chat_id': 1157296535, 'text': 'Здравствуйте, ShkvalGR! Для того, чтобы подобрать вакансии, вам нужно начать поиск командой /search'}" and files "None"
DEBUG:aiogram:Make request: "getUpdates" with data: "{'offset': 775575313, 'timeout': 20}" and files "None"
DEBUG:aiogram:Response for sendMessage: [200] "'{"ok":true,"result":{"message_id":1483,"from":{"id":1894449219,"is_bot":true,"first_name":"Bot4NueralNet","username":"shkvalsbot"},"chat":{"id":1157296535,"first_name":"Shkval","username":"ShkvalGR","type":"private"},"date":1633329630,"text":"\\u0417\\u0434\\u0440\\u0430\\u0432\\u0441\\u0442\\u0432\\u0443\\u0439\\u0442\\u0435, ShkvalGR! \\u0414\\u043b\\u044f \\u0442\\u043e\\u0433\\u043e, \\u0447\\u0442\\u043e\\u0431\\u044b \\u043f\\u043e\\u0434\\u043e\\u0431\\u0440\\u0430\\u0442\\u044c \\u0432\\u0430\\u043a\\u0430\\u043d\\u0441\\u0438\\u0438, \\u0432\\u0430\\u043c \\u043d\\u0443\\u0436\\u043d\\u043e \\u043d\\u0430\\u0447\\u0430\\u0442\\u044c \\u043f\\u043e\\u0438\\u0441\\u043a \\u043a\\u043e\\u043c\\u0430\\u043d\\u0434\\u043e\\u0439 /search","entities":[{"offset":92,"length":7,"type":"bot_command"}]}}'"
DEBUG:aiogram:Response for getUpdates: [200] "'{"ok":true,"result":[{"update_id":775575313,\n"message":{"message_id":1484,"from":{"id":1157296535,"is_bot":false,"first_name":"Shkval","username":"ShkvalGR","language_code":"ru"},"chat":{"id":1157296535,"first_name":"Shkval","username":"ShkvalGR","type":"private"},"date":1633329633,"text":"/search","entities":[{"offset":0,"length":7,"type":"bot_command"}]}}]}'"
DEBUG:aiogram.dispatcher.dispatcher:Received 1 updates.
DEBUG:aiogram:Make request: "sendMessage" with data: "{'chat_id': 1157296535, 'text': 'Введите название  нужной вам профессии: '}" and files "None"
DEBUG:aiogram:Make request: "getUpdates" with data: "{'offset': 775575314, 'timeout': 20}" and files "None"
DEBUG:aiogram:Response for sendMessage: [200] "'{"ok":true,"result":{"message_id":1485,"from":{"id":1894449219,"is_bot":true,"first_name":"Bot4NueralNet","username":"shkvalsbot"},"chat":{"id":1157296535,"first_name":"Shkval","username":"ShkvalGR","type":"private"},"date":1633329633,"text":"\\u0412\\u0432\\u0435\\u0434\\u0438\\u0442\\u0435 \\u043d\\u0430\\u0437\\u0432\\u0430\\u043d\\u0438\\u0435  \\u043d\\u0443\\u0436\\u043d\\u043e\\u0439 \\u0432\\u0430\\u043c \\u043f\\u0440\\u043e\\u0444\\u0435\\u0441\\u0441\\u0438\\u0438:"}}'"
DEBUG:aiogram:Response for getUpdates: [200] "'{"ok":true,"result":[{"update_id":775575314,\n"message":{"message_id":1486,"from":{"id":1157296535,"is_bot":false,"first_name":"Shkval","username":"ShkvalGR","language_code":"ru"},"chat":{"id":1157296535,"first_name":"Shkval","username":"ShkvalGR","type":"private"},"date":1633329636,"text":"Povar"}}]}'"
DEBUG:aiogram.dispatcher.dispatcher:Received 1 updates.
DEBUG:aiogram:Make request: "sendMessage" with data: "{'chat_id': 1157296535, 'text': 'Выберите график работы:', 'reply_markup': '{"keyboard": [[{"text": "Полный рабочий день"}, {"text": "Свободный график"}, {"text": "Сменный график"}], [{"text": "Вахта"}, {"text": "Частичная занятость"}, {"text": "Удалённая работа"}], [{"text": "Не имеет значения"}]], "resize_keyboard": true, "one_time_keyboard": true}'}" and files "None"
DEBUG:aiogram:Make request: "getUpdates" with data: "{'offset': 775575315, 'timeout': 20}" and files "None"
DEBUG:aiogram:Response for sendMessage: [200] "'{"ok":true,"result":{"message_id":1487,"from":{"id":1894449219,"is_bot":true,"first_name":"Bot4NueralNet","username":"shkvalsbot"},"chat":{"id":1157296535,"first_name":"Shkval","username":"ShkvalGR","type":"private"},"date":1633329637,"text":"\\u0412\\u044b\\u0431\\u0435\\u0440\\u0438\\u0442\\u0435 \\u0433\\u0440\\u0430\\u0444\\u0438\\u043a \\u0440\\u0430\\u0431\\u043e\\u0442\\u044b:"}}'"
DEBUG:aiogram:Response for getUpdates: [200] "'{"ok":true,"result":[{"update_id":775575315,\n"message":{"message_id":1488,"from":{"id":1157296535,"is_bot":false,"first_name":"Shkval","username":"ShkvalGR","language_code":"ru"},"chat":{"id":1157296535,"first_name":"Shkval","username":"ShkvalGR","type":"private"},"date":1633329639,"text":"\\u0421\\u0432\\u043e\\u0431\\u043e\\u0434\\u043d\\u044b\\u0439 \\u0433\\u0440\\u0430\\u0444\\u0438\\u043a"}}]}'"
DEBUG:aiogram.dispatcher.dispatcher:Received 1 updates.
DEBUG:aiogram:Make request: "sendMessage" with data: "{'chat_id': 1157296535, 'text': 'Введите минимальную зарплату:'}" and files "None"
DEBUG:aiogram:Make request: "getUpdates" with data: "{'offset': 775575316, 'timeout': 20}" and files "None"
DEBUG:aiogram:Response for sendMessage: [200] "'{"ok":true,"result":{"message_id":1489,"from":{"id":1894449219,"is_bot":true,"first_name":"Bot4NueralNet","username":"shkvalsbot"},"chat":{"id":1157296535,"first_name":"Shkval","username":"ShkvalGR","type":"private"},"date":1633329639,"text":"\\u0412\\u0432\\u0435\\u0434\\u0438\\u0442\\u0435 \\u043c\\u0438\\u043d\\u0438\\u043c\\u0430\\u043b\\u044c\\u043d\\u0443\\u044e \\u0437\\u0430\\u0440\\u043f\\u043b\\u0430\\u0442\\u0443:"}}'"
DEBUG:aiogram:Response for getUpdates: [200] "'{"ok":true,"result":[{"update_id":775575316,\n"message":{"message_id":1490,"from":{"id":1157296535,"is_bot":false,"first_name":"Shkval","username":"ShkvalGR","language_code":"ru"},"chat":{"id":1157296535,"first_name":"Shkval","username":"ShkvalGR","type":"private"},"date":1633329641,"text":"12"}}]}'"
DEBUG:aiogram.dispatcher.dispatcher:Received 1 updates.
DEBUG:aiogram:Make request: "sendMessage" with data: "{'chat_id': 1157296535, 'text': 'Введите максимальную зарплату:'}" and files "None"
DEBUG:aiogram:Make request: "getUpdates" with data: "{'offset': 775575317, 'timeout': 20}" and files "None"
DEBUG:aiogram:Response for sendMessage: [200] "'{"ok":true,"result":{"message_id":1491,"from":{"id":1894449219,"is_bot":true,"first_name":"Bot4NueralNet","username":"shkvalsbot"},"chat":{"id":1157296535,"first_name":"Shkval","username":"ShkvalGR","type":"private"},"date":1633329641,"text":"\\u0412\\u0432\\u0435\\u0434\\u0438\\u0442\\u0435 \\u043c\\u0430\\u043a\\u0441\\u0438\\u043c\\u0430\\u043b\\u044c\\u043d\\u0443\\u044e \\u0437\\u0430\\u0440\\u043f\\u043b\\u0430\\u0442\\u0443:"}}'"
DEBUG:aiogram:Response for getUpdates: [200] "'{"ok":true,"result":[{"update_id":775575317,\n"message":{"message_id":1492,"from":{"id":1157296535,"is_bot":false,"first_name":"Shkval","username":"ShkvalGR","language_code":"ru"},"chat":{"id":1157296535,"first_name":"Shkval","username":"ShkvalGR","type":"private"},"date":1633329643,"text":"358"}}]}'"
DEBUG:aiogram.dispatcher.dispatcher:Received 1 updates.
DEBUG:aiogram:Make request: "sendMessage" with data: "{'chat_id': 1157296535, 'text': 'Выберите ваше образование:', 'reply_markup': '{"keyboard": [[{"text": "Доктоторонтура"}, {"text": "Аспирантура"}, {"text": "МВА"}], [{"text": "Курсы переподготовки"}, {"text": "Второе высшее"}, {"text": "Высшее(магистр)"}], [{"text": "Высшее(специалист)"}, {"text": "Любое образование"}, {"text": "Высшее образование"}], [{"text": "Неполное вышнее образование"}, {"text": "Среднее образование"}, {"text": "Среднее профессиональное образование"}], [{"text": "Высшее(бакалавр)"}]], "resize_keyboard": true, "one_time_keyboard": true}'}" and files "None"
DEBUG:aiogram:Make request: "getUpdates" with data: "{'offset': 775575318, 'timeout': 20}" and files "None"
DEBUG:aiogram:Response for sendMessage: [200] "'{"ok":true,"result":{"message_id":1493,"from":{"id":1894449219,"is_bot":true,"first_name":"Bot4NueralNet","username":"shkvalsbot"},"chat":{"id":1157296535,"first_name":"Shkval","username":"ShkvalGR","type":"private"},"date":1633329644,"text":"\\u0412\\u044b\\u0431\\u0435\\u0440\\u0438\\u0442\\u0435 \\u0432\\u0430\\u0448\\u0435 \\u043e\\u0431\\u0440\\u0430\\u0437\\u043e\\u0432\\u0430\\u043d\\u0438\\u0435:"}}'"
DEBUG:aiogram:Response for getUpdates: [200] "'{"ok":true,"result":[{"update_id":775575318,\n"message":{"message_id":1494,"from":{"id":1157296535,"is_bot":false,"first_name":"Shkval","username":"ShkvalGR","language_code":"ru"},"chat":{"id":1157296535,"first_name":"Shkval","username":"ShkvalGR","type":"private"},"date":1633329645,"text":"\\u0412\\u0442\\u043e\\u0440\\u043e\\u0435 \\u0432\\u044b\\u0441\\u0448\\u0435\\u0435"}}]}'"
DEBUG:aiogram.dispatcher.dispatcher:Received 1 updates.
DEBUG:aiogram:Make request: "sendMessage" with data: "{'chat_id': 1157296535, 'text': 'Введите опыт работы: '}" and files "None"
DEBUG:aiogram:Make request: "getUpdates" with data: "{'offset': 775575319, 'timeout': 20}" and files "None"
DEBUG:aiogram:Response for sendMessage: [200] "'{"ok":true,"result":{"message_id":1495,"from":{"id":1894449219,"is_bot":true,"first_name":"Bot4NueralNet","username":"shkvalsbot"},"chat":{"id":1157296535,"first_name":"Shkval","username":"ShkvalGR","type":"private"},"date":1633329645,"text":"\\u0412\\u0432\\u0435\\u0434\\u0438\\u0442\\u0435 \\u043e\\u043f\\u044b\\u0442 \\u0440\\u0430\\u0431\\u043e\\u0442\\u044b:"}}'"
ERROR:aiogram.dispatcher.dispatcher:Cause exception while getting updates.
Traceback (most recent call last):
  File "/data/data/com.termux/files/usr/lib/python3.9/site-packages/aiogram/bot/api.py", line 139, in make_request
    async with session.post(url, data=req, **kwargs) as response:
  File "/data/data/com.termux/files/usr/lib/python3.9/site-packages/aiohttp/client.py", line 1117, in __aenter__
    self._resp = await self._coro
  File "/data/data/com.termux/files/usr/lib/python3.9/site-packages/aiohttp/client.py", line 544, in _request
    await resp.start(conn)
  File "/data/data/com.termux/files/usr/lib/python3.9/site-packages/aiohttp/client_reqrep.py", line 890, in start
    message, payload = await self._protocol.read()  # type: ignore
  File "/data/data/com.termux/files/usr/lib/python3.9/site-packages/aiohttp/streams.py", line 604, in read
    await self._waiter
aiohttp.client_exceptions.ClientOSError: [Errno 103] Software caused connection abort

During handling of the above exception, another exception occurred:

Traceback (most recent call last):
  File "/data/data/com.termux/files/usr/lib/python3.9/site-packages/aiogram/dispatcher/dispatcher.py", line 383, in start_polling
    updates = await self.bot.get_updates(
  File "/data/data/com.termux/files/usr/lib/python3.9/site-packages/aiogram/bot/bot.py", line 97, in get_updates
    result = await self.request(api.Methods.GET_UPDATES, payload)
  File "/data/data/com.termux/files/usr/lib/python3.9/site-packages/aiogram/bot/base.py", line 208, in request
    return await api.make_request(self.session, self.server, self.__token, method, data, files,
  File "/data/data/com.termux/files/usr/lib/python3.9/site-packages/aiogram/bot/api.py", line 142, in make_request
    raise exceptions.NetworkError(f"aiohttp client throws an error: {e.__class__.__name__}: {e}")
aiogram.utils.exceptions.NetworkError: Aiohttp client throws an error: ClientOSError: [Errno 103] Software caused connection abort
DEBUG:aiogram:Make request: "getUpdates" with data: "{'offset': 775575319, 'timeout': 20}" and files "None"
DEBUG:aiogram:Response for getUpdates: [200] "'{"ok":true,"result":[{"update_id":775575319,\n"message":{"message_id":1496,"from":{"id":1157296535,"is_bot":false,"first_name":"Shkval","username":"ShkvalGR","language_code":"ru"},"chat":{"id":1157296535,"first_name":"Shkval","username":"ShkvalGR","type":"private"},"date":1633329649,"text":"12"}}]}'"
DEBUG:aiogram.dispatcher.dispatcher:Received 1 updates.
DEBUG:aiogram:Make request: "sendMessage" with data: "{'chat_id': 1157296535, 'text': 'Введите максимальный возраст:'}" and files "None"
DEBUG:aiogram:Make request: "getUpdates" with data: "{'offset': 775575320, 'timeout': 20}" and files "None"
DEBUG:aiogram:Response for sendMessage: [200] "'{"ok":true,"result":{"message_id":1497,"from":{"id":1894449219,"is_bot":true,"first_name":"Bot4NueralNet","username":"shkvalsbot"},"chat":{"id":1157296535,"first_name":"Shkval","username":"ShkvalGR","type":"private"},"date":1633329654,"text":"\\u0412\\u0432\\u0435\\u0434\\u0438\\u0442\\u0435 \\u043c\\u0430\\u043a\\u0441\\u0438\\u043c\\u0430\\u043b\\u044c\\u043d\\u044b\\u0439 \\u0432\\u043e\\u0437\\u0440\\u0430\\u0441\\u0442:"}}'"
DEBUG:aiogram:Response for getUpdates: [200] "'{"ok":true,"result":[{"update_id":775575320,\n"message":{"message_id":1498,"from":{"id":1157296535,"is_bot":false,"first_name":"Shkval","username":"ShkvalGR","language_code":"ru"},"chat":{"id":1157296535,"first_name":"Shkval","username":"ShkvalGR","type":"private"},"date":1633329658,"text":"21)"}}]}'"
DEBUG:aiogram.dispatcher.dispatcher:Received 1 updates.
DEBUG:aiogram:Make request: "sendMessage" with data: "{'chat_id': 1157296535, 'text': 'Являетесь ли вы иностранным гражданином:', 'reply_markup': '{"keyboard": [[{"text": "Да, являюсь"}, {"text": "Нет, не являюсь"}]], "resize_keyboard": true, "one_time_keyboard": true}'}" and files "None"
DEBUG:aiogram:Make request: "getUpdates" with data: "{'offset': 775575321, 'timeout': 20}" and files "None"
DEBUG:aiogram:Response for sendMessage: [200] "'{"ok":true,"result":{"message_id":1499,"from":{"id":1894449219,"is_bot":true,"first_name":"Bot4NueralNet","username":"shkvalsbot"},"chat":{"id":1157296535,"first_name":"Shkval","username":"ShkvalGR","type":"private"},"date":1633329658,"text":"\\u042f\\u0432\\u043b\\u044f\\u0435\\u0442\\u0435\\u0441\\u044c \\u043b\\u0438 \\u0432\\u044b \\u0438\\u043d\\u043e\\u0441\\u0442\\u0440\\u0430\\u043d\\u043d\\u044b\\u043c \\u0433\\u0440\\u0430\\u0436\\u0434\\u0430\\u043d\\u0438\\u043d\\u043e\\u043c:"}}'"
DEBUG:aiogram:Response for getUpdates: [200] "'{"ok":true,"result":[{"update_id":775575321,\n"message":{"message_id":1500,"from":{"id":1157296535,"is_bot":false,"first_name":"Shkval","username":"ShkvalGR","language_code":"ru"},"chat":{"id":1157296535,"first_name":"Shkval","username":"ShkvalGR","type":"private"},"date":1633329659,"text":"\\u0414\\u0430, \\u044f\\u0432\\u043b\\u044f\\u044e\\u0441\\u044c"}}]}'"
DEBUG:aiogram.dispatcher.dispatcher:Received 1 updates.
DEBUG:aiogram:Make request: "sendMessage" with data: "{'chat_id': 1157296535, 'text': 'Являетесь ли вы мужчиной:', 'reply_markup': '{"keyboard": [[{"text": "Да, являюсь"}, {"text": "Нет, не являюсь"}]], "resize_keyboard": true, "one_time_keyboard": true}'}" and files "None"
DEBUG:aiogram:Make request: "getUpdates" with data: "{'offset': 775575322, 'timeout': 20}" and files "None"
DEBUG:aiogram:Response for sendMessage: [200] "'{"ok":true,"result":{"message_id":1501,"from":{"id":1894449219,"is_bot":true,"first_name":"Bot4NueralNet","username":"shkvalsbot"},"chat":{"id":1157296535,"first_name":"Shkval","username":"ShkvalGR","type":"private"},"date":1633329660,"text":"\\u042f\\u0432\\u043b\\u044f\\u0435\\u0442\\u0435\\u0441\\u044c \\u043b\\u0438 \\u0432\\u044b \\u043c\\u0443\\u0436\\u0447\\u0438\\u043d\\u043e\\u0439:"}}'"
DEBUG:aiogram:Response for getUpdates: [200] "'{"ok":true,"result":[{"update_id":775575322,\n"message":{"message_id":1502,"from":{"id":1157296535,"is_bot":false,"first_name":"Shkval","username":"ShkvalGR","language_code":"ru"},"chat":{"id":1157296535,"first_name":"Shkval","username":"ShkvalGR","type":"private"},"date":1633329661,"text":"\\u041d\\u0435\\u0442, \\u043d\\u0435 \\u044f\\u0432\\u043b\\u044f\\u044e\\u0441\\u044c"}}]}'"
DEBUG:aiogram.dispatcher.dispatcher:Received 1 updates.
DEBUG:aiogram:Make request: "sendMessage" with data: "{'chat_id': 1157296535, 'text': <aiogram.dispatcher.storage.FSMContextProxy object at 0xecbd8088>}" and files "None"
DEBUG:aiogram:Make request: "getUpdates" with data: "{'offset': 775575323, 'timeout': 20}" and files "None"
DEBUG:aiogram:Response for sendMessage: [200] "'{"ok":true,"result":{"message_id":1503,"from":{"id":1894449219,"is_bot":true,"first_name":"Bot4NueralNet","username":"shkvalsbot"},"chat":{"id":1157296535,"first_name":"Shkval","username":"ShkvalGR","type":"private"},"date":1633329661,"text":"FSMContextProxy state = \'SearchOpts:is_male\', data = {\'custom_position\': \'Povar\', \'operating_schedule_id\': 2, \'slary_from\': \'12\', \'salary_to\': \'358\', \'offer_education_id\': 12, \'age_from\': \'12\', \'age_to\': \'21)\', \'is_nonresident\': True, \'is_male\': False}"}}'"
ERROR:aiogram.dispatcher.dispatcher:Cause exception while getting updates.
Traceback (most recent call last):
  File "/data/data/com.termux/files/usr/lib/python3.9/site-packages/aiogram/bot/api.py", line 139, in make_request
    async with session.post(url, data=req, **kwargs) as response:
  File "/data/data/com.termux/files/usr/lib/python3.9/site-packages/aiohttp/client.py", line 1117, in __aenter__
    self._resp = await self._coro
  File "/data/data/com.termux/files/usr/lib/python3.9/site-packages/aiohttp/client.py", line 544, in _request
    await resp.start(conn)
  File "/data/data/com.termux/files/usr/lib/python3.9/site-packages/aiohttp/client_reqrep.py", line 890, in start
    message, payload = await self._protocol.read()  # type: ignore
  File "/data/data/com.termux/files/usr/lib/python3.9/site-packages/aiohttp/streams.py", line 604, in read
    await self._waiter
aiohttp.client_exceptions.ClientOSError: [Errno 103] Software caused connection abort

During handling of the above exception, another exception occurred:

Traceback (most recent call last):
  File "/data/data/com.termux/files/usr/lib/python3.9/site-packages/aiogram/dispatcher/dispatcher.py", line 383, in start_polling
    updates = await self.bot.get_updates(
  File "/data/data/com.termux/files/usr/lib/python3.9/site-packages/aiogram/bot/bot.py", line 97, in get_updates
    result = await self.request(api.Methods.GET_UPDATES, payload)
  File "/data/data/com.termux/files/usr/lib/python3.9/site-packages/aiogram/bot/base.py", line 208, in request
    return await api.make_request(self.session, self.server, self.__token, method, data, files,
  File "/data/data/com.termux/files/usr/lib/python3.9/site-packages/aiogram/bot/api.py", line 142, in make_request
    raise exceptions.NetworkError(f"aiohttp client throws an error: {e.__class__.__name__}: {e}")
aiogram.utils.exceptions.NetworkError: Aiohttp client throws an error: ClientOSError: [Errno 103] Software caused connection abort
DEBUG:aiogram:Make request: "getUpdates" with data: "{'offset': 775575323, 'timeout': 20}" and files "None"
INFO:aiogram.dispatcher.dispatcher:Stop polling...
WARNING:aiogram:Goodbye!
